<?xml version="1.0" encoding="UTF-8"?>
<!-- Generated by org.testng.reporters.JUnitReportReporter -->
<testsuite hostname="LAPTOP-DS4ESSB9" failures="0" tests="1" name="Session03.Test_GetMethod" time="1.634" errors="0" timestamp="2024-06-18T16:00:46 IST" skipped="0">
  <testcase classname="Session03.Test_GetMethod" name="test02" time="1.634"/>
</testsuite> <!-- Session03.Test_GetMethod -->
