<?xml version="1.0" encoding="UTF-8"?>
<!-- Generated by org.testng.reporters.JUnitReportReporter -->
<testsuite hostname="LAPTOP-DS4ESSB9" failures="0" tests="1" name="Session01.FirstGetRequest" time="1.580" errors="0" timestamp="2024-06-18T15:38:14 IST" skipped="0">
  <testcase classname="Session01.FirstGetRequest" name="testacse01" time="1.580"/>
</testsuite> <!-- Session01.FirstGetRequest -->
