<?xml version="1.0" encoding="UTF-8"?>
<!-- Generated by org.testng.reporters.JUnitReportReporter -->
<testsuite hostname="LAPTOP-DS4ESSB9" failures="0" tests="1" name="Session03.Test_DeleteMethod" time="3.464" errors="0" timestamp="2024-06-19T19:48:36 IST" skipped="0">
  <testcase classname="Session03.Test_DeleteMethod" name="test_Case05" time="3.464"/>
</testsuite> <!-- Session03.Test_DeleteMethod -->
