<?xml version="1.0" encoding="UTF-8"?>
<!-- Generated by org.testng.reporters.JUnitReportReporter -->
<testsuite hostname="LAPTOP-DS4ESSB9" failures="0" tests="1" name="Session03.Test_PostMethod" time="2.459" errors="0" timestamp="2024-06-19T19:11:37 IST" skipped="0">
  <testcase classname="Session03.Test_PostMethod" name="Test03" time="2.459"/>
</testsuite> <!-- Session03.Test_PostMethod -->
